<?xml version="1.0" encoding="UTF-8"?>
<testsuite xmlns:xsi="http://www.w3.org/2001/XMLSchema-instance" xsi:noNamespaceSchemaLocation="https://maven.apache.org/surefire/maven-surefire-plugin/xsd/surefire-test-report-3.0.xsd" version="3.0" name="TestSuite" time="124.247" tests="31" errors="0" skipped="0" failures="17">
  <properties>
[...]
</properties>
  <testcase name="TC_1_3" classname="org.voicemailtel.meet.framework.testcases.HomeTest" time="0.713">
    <system-out><![CDATA[[TestNGContentHandler] [WARN] It is strongly recommended to add "<!DOCTYPE suite SYSTEM "http://testng.org/testng-1.0.dtd" >" at the top of your file, otherwise TestNG may fail or not work as expected.
]]></system-out>
    <system-err><![CDATA[Starting ChromeDriver 88.0.4324.27 (6347fe8bf1e48bd0c54d07dc55ca011cf40861c9-refs/branch-heads/4324@{#450}) on port 28307
Only local connections are allowed.
Please see https://chromedriver.chromium.org/security-considerations for suggestions on keeping ChromeDriver safe.
ChromeDriver was started successfully.
Feb 27, 2021 1:37:24 PM org.openqa.selenium.remote.ProtocolHandshake createSession
INFO: Detected dialect: W3C
]]></system-err>
  </testcase>
  <testcase name="TC_2_1[Rosy , James , rosyjames1299@gmail.com , Rosy12345$, Rosy12345$](1)" classname="org.voicemailtel.meet.framework.testcases.HomeTest" time="3.456"/>
  <testcase name="TC_2_1[Payel, Ghosh, ghosh.p189@gmail.com , Sarit@1983, Sarit@1983](2)" classname="org.voicemailtel.meet.framework.testcases.HomeTest" time="1.444"/>
  <testcase name="TC_2_1[Geet , Saxena , geet.saxena@gmail.com , Abc@1234, Abc@1234](3)" classname="org.voicemailtel.meet.framework.testcases.HomeTest" time="1.421"/>
  <testcase name="TC_2_10[Rosy , James , rosyjames1299@gmail.com , Rosy12345$, Rosy12345$](1)" classname="org.voicemailtel.meet.framework.testcases.HomeTest" time="3.525"/>
  <testcase name="TC_2_10[Payel, Ghosh, ghosh.p189@gmail.com , Sarit@1983, Sarit@1983](2)" classname="org.voicemailtel.meet.framework.testcases.HomeTest" time="3.243">
    <failure message="element click intercepted: Element &lt;div _ngcontent-pxc-c100=&quot;&quot; class=&quot;google-signin-text&quot;&gt;...&lt;/div&gt; is not clickable at point (1034, 518). Other element would receive the click: &lt;div _ngcontent-pxc-c100=&quot;&quot; id=&quot;google-signin-spinner-loading&quot; class=&quot;google-signin-spinner-container&quot; style=&quot;display:block;&quot;&gt;...&lt;/div&gt;&#10;  (Session info: chrome=88.0.4324.190)&#10;Build info: version: &apos;3.141.59&apos;, revision: &apos;e82be7d358&apos;, time: &apos;2018-11-14T08:17:03&apos;&#10;System info: host: &apos;PAYELANDSARIT&apos;, ip: &apos;192.168.2.88&apos;, os.name: &apos;Windows 10&apos;, os.arch: &apos;amd64&apos;, os.version: &apos;10.0&apos;, java.version: &apos;1.8.0_181&apos;&#10;Driver info: org.openqa.selenium.chrome.ChromeDriver&#10;Capabilities {acceptInsecureCerts: false, browserName: chrome, browserVersion: 88.0.4324.190, chrome: {chromedriverVersion: 88.0.4324.27 (6347fe8bf1e48..., userDataDir: C:\Users\Sarit\AppData\Loca...}, goog:chromeOptions: {debuggerAddress: localhost:52847}, javascriptEnabled: true, networkConnectionEnabled: false, pageLoadStrategy: normal, platform: WINDOWS, platformName: WINDOWS, proxy: Proxy(), setWindowRect: true, strictFileInteractability: false, timeouts: {implicit: 0, pageLoad: 300000, script: 30000}, unhandledPromptBehavior: dismiss and notify, webauthn:extension:largeBlob: true, webauthn:virtualAuthenticators: true}&#10;Session ID: 3405fbf8631bae07a96fee2bdc44de36" type="org.openqa.selenium.ElementClickInterceptedException"><![CDATA[org.openqa.selenium.ElementClickInterceptedException: 
element click intercepted: Element <div _ngcontent-pxc-c100="" class="google-signin-text">...</div> is not clickable at point (1034, 518). Other element would receive the click: <div _ngcontent-pxc-c100="" id="google-signin-spinner-loading" class="google-signin-spinner-container" style="display:block;">...</div>
  (Session info: chrome=88.0.4324.190)
Build info: version: '3.141.59', revision: 'e82be7d358', time: '2018-11-14T08:17:03'
System info: host: 'PAYELANDSARIT', ip: '192.168.2.88', os.name: 'Windows 10', os.arch: 'amd64', os.version: '10.0', java.version: '1.8.0_181'
Driver info: org.openqa.selenium.chrome.ChromeDriver
Capabilities {acceptInsecureCerts: false, browserName: chrome, browserVersion: 88.0.4324.190, chrome: {chromedriverVersion: 88.0.4324.27 (6347fe8bf1e48..., userDataDir: C:\Users\Sarit\AppData\Loca...}, goog:chromeOptions: {debuggerAddress: localhost:52847}, javascriptEnabled: true, networkConnectionEnabled: false, pageLoadStrategy: normal, platform: WINDOWS, platformName: WINDOWS, proxy: Proxy(), setWindowRect: true, strictFileInteractability: false, timeouts: {implicit: 0, pageLoad: 300000, script: 30000}, unhandledPromptBehavior: dismiss and notify, webauthn:extension:largeBlob: true, webauthn:virtualAuthenticators: true}
Session ID: 3405fbf8631bae07a96fee2bdc44de36
	at org.voicemailtel.meet.framework.testcases.HomeTest.TC_2_10(HomeTest.java:216)
]]></failure>
  </testcase>
  <testcase name="TC_2_10[Geet , Saxena , geet.saxena@gmail.com , Abc@1234, Abc@1234](3)" classname="org.voicemailtel.meet.framework.testcases.HomeTest" time="3.758">
    <failure message="element click intercepted: Element &lt;div _ngcontent-pxc-c100=&quot;&quot; class=&quot;google-signin-text&quot;&gt;...&lt;/div&gt; is not clickable at point (1034, 538). Other element would receive the click: &lt;div _ngcontent-pxc-c100=&quot;&quot; id=&quot;google-signin-spinner-loading&quot; class=&quot;google-signin-spinner-container&quot; style=&quot;display:block;&quot;&gt;...&lt;/div&gt;&#10;  (Session info: chrome=88.0.4324.190)&#10;Build info: version: &apos;3.141.59&apos;, revision: &apos;e82be7d358&apos;, time: &apos;2018-11-14T08:17:03&apos;&#10;System info: host: &apos;PAYELANDSARIT&apos;, ip: &apos;192.168.2.88&apos;, os.name: &apos;Windows 10&apos;, os.arch: &apos;amd64&apos;, os.version: &apos;10.0&apos;, java.version: &apos;1.8.0_181&apos;&#10;Driver info: org.openqa.selenium.chrome.ChromeDriver&#10;Capabilities {acceptInsecureCerts: false, browserName: chrome, browserVersion: 88.0.4324.190, chrome: {chromedriverVersion: 88.0.4324.27 (6347fe8bf1e48..., userDataDir: C:\Users\Sarit\AppData\Loca...}, goog:chromeOptions: {debuggerAddress: localhost:52847}, javascriptEnabled: true, networkConnectionEnabled: false, pageLoadStrategy: normal, platform: WINDOWS, platformName: WINDOWS, proxy: Proxy(), setWindowRect: true, strictFileInteractability: false, timeouts: {implicit: 0, pageLoad: 300000, script: 30000}, unhandledPromptBehavior: dismiss and notify, webauthn:extension:largeBlob: true, webauthn:virtualAuthenticators: true}&#10;Session ID: 3405fbf8631bae07a96fee2bdc44de36" type="org.openqa.selenium.ElementClickInterceptedException"><![CDATA[org.openqa.selenium.ElementClickInterceptedException: 
element click intercepted: Element <div _ngcontent-pxc-c100="" class="google-signin-text">...</div> is not clickable at point (1034, 538). Other element would receive the click: <div _ngcontent-pxc-c100="" id="google-signin-spinner-loading" class="google-signin-spinner-container" style="display:block;">...</div>
  (Session info: chrome=88.0.4324.190)
Build info: version: '3.141.59', revision: 'e82be7d358', time: '2018-11-14T08:17:03'
System info: host: 'PAYELANDSARIT', ip: '192.168.2.88', os.name: 'Windows 10', os.arch: 'amd64', os.version: '10.0', java.version: '1.8.0_181'
Driver info: org.openqa.selenium.chrome.ChromeDriver
Capabilities {acceptInsecureCerts: false, browserName: chrome, browserVersion: 88.0.4324.190, chrome: {chromedriverVersion: 88.0.4324.27 (6347fe8bf1e48..., userDataDir: C:\Users\Sarit\AppData\Loca...}, goog:chromeOptions: {debuggerAddress: localhost:52847}, javascriptEnabled: true, networkConnectionEnabled: false, pageLoadStrategy: normal, platform: WINDOWS, platformName: WINDOWS, proxy: Proxy(), setWindowRect: true, strictFileInteractability: false, timeouts: {implicit: 0, pageLoad: 300000, script: 30000}, unhandledPromptBehavior: dismiss and notify, webauthn:extension:largeBlob: true, webauthn:virtualAuthenticators: true}
Session ID: 3405fbf8631bae07a96fee2bdc44de36
	at org.voicemailtel.meet.framework.testcases.HomeTest.TC_2_10(HomeTest.java:216)
]]></failure>
  </testcase>
  <testcase name="TC_2_11" classname="org.voicemailtel.meet.framework.testcases.HomeTest" time="1.517"/>
  <testcase name="TC_2_2" classname="org.voicemailtel.meet.framework.testcases.HomeTest" time="22.559">
    <failure message="no such element: Unable to locate element: {&quot;method&quot;:&quot;xpath&quot;,&quot;selector&quot;:&quot;//*[contains(text(),&apos;Password pattern is&apos;)]&quot;}&#10;  (Session info: chrome=88.0.4324.190)&#10;For documentation on this error, please visit: https://www.seleniumhq.org/exceptions/no_such_element.html&#10;Build info: version: &apos;3.141.59&apos;, revision: &apos;e82be7d358&apos;, time: &apos;2018-11-14T08:17:03&apos;&#10;System info: host: &apos;PAYELANDSARIT&apos;, ip: &apos;192.168.2.88&apos;, os.name: &apos;Windows 10&apos;, os.arch: &apos;amd64&apos;, os.version: &apos;10.0&apos;, java.version: &apos;1.8.0_181&apos;&#10;Driver info: org.openqa.selenium.chrome.ChromeDriver&#10;Capabilities {acceptInsecureCerts: false, browserName: chrome, browserVersion: 88.0.4324.190, chrome: {chromedriverVersion: 88.0.4324.27 (6347fe8bf1e48..., userDataDir: C:\Users\Sarit\AppData\Loca...}, goog:chromeOptions: {debuggerAddress: localhost:52847}, javascriptEnabled: true, networkConnectionEnabled: false, pageLoadStrategy: normal, platform: WINDOWS, platformName: WINDOWS, proxy: Proxy(), setWindowRect: true, strictFileInteractability: false, timeouts: {implicit: 0, pageLoad: 300000, script: 30000}, unhandledPromptBehavior: dismiss and notify, webauthn:extension:largeBlob: true, webauthn:virtualAuthenticators: true}&#10;Session ID: 3405fbf8631bae07a96fee2bdc44de36&#10;*** Element info: {Using=xpath, value=//*[contains(text(),&apos;Password pattern is&apos;)]}" type="org.openqa.selenium.NoSuchElementException"><![CDATA[org.openqa.selenium.NoSuchElementException: 
no such element: Unable to locate element: {"method":"xpath","selector":"//*[contains(text(),'Password pattern is')]"}
  (Session info: chrome=88.0.4324.190)
For documentation on this error, please visit: https://www.seleniumhq.org/exceptions/no_such_element.html
Build info: version: '3.141.59', revision: 'e82be7d358', time: '2018-11-14T08:17:03'
System info: host: 'PAYELANDSARIT', ip: '192.168.2.88', os.name: 'Windows 10', os.arch: 'amd64', os.version: '10.0', java.version: '1.8.0_181'
Driver info: org.openqa.selenium.chrome.ChromeDriver
Capabilities {acceptInsecureCerts: false, browserName: chrome, browserVersion: 88.0.4324.190, chrome: {chromedriverVersion: 88.0.4324.27 (6347fe8bf1e48..., userDataDir: C:\Users\Sarit\AppData\Loca...}, goog:chromeOptions: {debuggerAddress: localhost:52847}, javascriptEnabled: true, networkConnectionEnabled: false, pageLoadStrategy: normal, platform: WINDOWS, platformName: WINDOWS, proxy: Proxy(), setWindowRect: true, strictFileInteractability: false, timeouts: {implicit: 0, pageLoad: 300000, script: 30000}, unhandledPromptBehavior: dismiss and notify, webauthn:extension:largeBlob: true, webauthn:virtualAuthenticators: true}
Session ID: 3405fbf8631bae07a96fee2bdc44de36
*** Element info: {Using=xpath, value=//*[contains(text(),'Password pattern is')]}
	at org.voicemailtel.meet.framework.testcases.HomeTest.TC_2_2(HomeTest.java:80)
]]></failure>
  </testcase>
  <testcase name="TC_2_3[Rosy, James, rosyjames1299@gmail.com, ROSY@1234$, ROSY@1234$](1)" classname="org.voicemailtel.meet.framework.testcases.HomeTest" time="2.982"/>
  <testcase name="TC_2_3[Rosy, James, rosyjames1299@gmail.com, rosy@1234$, rosy@1234$](2)" classname="org.voicemailtel.meet.framework.testcases.HomeTest" time="2.466"/>
  <testcase name="TC_2_3[Rosy, James, rosyjames1299@gmail.com, Rosy@reoeo, Rosy@reoeo](3)" classname="org.voicemailtel.meet.framework.testcases.HomeTest" time="2.161"/>
  <testcase name="TC_2_3[Rosy, James, rosyjames1299@gmail.com, Rosy1234, Rosy1234](4)" classname="org.voicemailtel.meet.framework.testcases.HomeTest" time="2.824"/>
  <testcase name="TC_2_3[Rosy, James, rosyjames1299@gmail.com, Rosy1$, Rosy1$](5)" classname="org.voicemailtel.meet.framework.testcases.HomeTest" time="2.261"/>
  <testcase name="TC_2_3[Rosy, James, rosyjames1299@gmail.com, xyz, xyz](6)" classname="org.voicemailtel.meet.framework.testcases.HomeTest" time="2.268"/>
  <testcase name="TC_2_3" classname="org.voicemailtel.meet.framework.testcases.HomeTest" time="2.719">
    <failure message="&#10;Data provider mismatch&#10;Method: TC_2_3([Parameter{index=0, type=java.lang.String, declaredAnnotations=[]}, Parameter{index=1, type=java.lang.String, declaredAnnotations=[]}, Parameter{index=2, type=java.lang.String, declaredAnnotations=[]}, Parameter{index=3, type=java.lang.String, declaredAnnotations=[]}, Parameter{index=4, type=java.lang.String, declaredAnnotations=[]}])&#10;Arguments: []" type="org.testng.internal.reflect.MethodMatcherException"><![CDATA[org.testng.internal.reflect.MethodMatcherException: 

Data provider mismatch
Method: TC_2_3([Parameter{index=0, type=java.lang.String, declaredAnnotations=[]}, Parameter{index=1, type=java.lang.String, declaredAnnotations=[]}, Parameter{index=2, type=java.lang.String, declaredAnnotations=[]}, Parameter{index=3, type=java.lang.String, declaredAnnotations=[]}, Parameter{index=4, type=java.lang.String, declaredAnnotations=[]}])
Arguments: []
]]></failure>
  </testcase>
  <testcase name="TC_2_4" classname="org.voicemailtel.meet.framework.testcases.HomeTest" time="2.451"/>
  <testcase name="TC_2_5" classname="org.voicemailtel.meet.framework.testcases.HomeTest" time="2.621"/>
  <testcase name="TC_2_6[Rosy , James , rosyjames1299@gmail.com , Rosy12345$, Rosy12345$](1)" classname="org.voicemailtel.meet.framework.testcases.HomeTest" time="3.672">
    <failure message="element click intercepted: Element &lt;div _ngcontent-pxc-c100=&quot;&quot; class=&quot;google-signin-text&quot;&gt;...&lt;/div&gt; is not clickable at point (1034, 538). Other element would receive the click: &lt;div _ngcontent-pxc-c100=&quot;&quot; id=&quot;google-signin-spinner-loading&quot; class=&quot;google-signin-spinner-container&quot; style=&quot;display:block;&quot;&gt;...&lt;/div&gt;&#10;  (Session info: chrome=88.0.4324.190)&#10;Build info: version: &apos;3.141.59&apos;, revision: &apos;e82be7d358&apos;, time: &apos;2018-11-14T08:17:03&apos;&#10;System info: host: &apos;PAYELANDSARIT&apos;, ip: &apos;192.168.2.88&apos;, os.name: &apos;Windows 10&apos;, os.arch: &apos;amd64&apos;, os.version: &apos;10.0&apos;, java.version: &apos;1.8.0_181&apos;&#10;Driver info: org.openqa.selenium.chrome.ChromeDriver&#10;Capabilities {acceptInsecureCerts: false, browserName: chrome, browserVersion: 88.0.4324.190, chrome: {chromedriverVersion: 88.0.4324.27 (6347fe8bf1e48..., userDataDir: C:\Users\Sarit\AppData\Loca...}, goog:chromeOptions: {debuggerAddress: localhost:52847}, javascriptEnabled: true, networkConnectionEnabled: false, pageLoadStrategy: normal, platform: WINDOWS, platformName: WINDOWS, proxy: Proxy(), setWindowRect: true, strictFileInteractability: false, timeouts: {implicit: 0, pageLoad: 300000, script: 30000}, unhandledPromptBehavior: dismiss and notify, webauthn:extension:largeBlob: true, webauthn:virtualAuthenticators: true}&#10;Session ID: 3405fbf8631bae07a96fee2bdc44de36" type="org.openqa.selenium.ElementClickInterceptedException"><![CDATA[org.openqa.selenium.ElementClickInterceptedException: 
element click intercepted: Element <div _ngcontent-pxc-c100="" class="google-signin-text">...</div> is not clickable at point (1034, 538). Other element would receive the click: <div _ngcontent-pxc-c100="" id="google-signin-spinner-loading" class="google-signin-spinner-container" style="display:block;">...</div>
  (Session info: chrome=88.0.4324.190)
Build info: version: '3.141.59', revision: 'e82be7d358', time: '2018-11-14T08:17:03'
System info: host: 'PAYELANDSARIT', ip: '192.168.2.88', os.name: 'Windows 10', os.arch: 'amd64', os.version: '10.0', java.version: '1.8.0_181'
Driver info: org.openqa.selenium.chrome.ChromeDriver
Capabilities {acceptInsecureCerts: false, browserName: chrome, browserVersion: 88.0.4324.190, chrome: {chromedriverVersion: 88.0.4324.27 (6347fe8bf1e48..., userDataDir: C:\Users\Sarit\AppData\Loca...}, goog:chromeOptions: {debuggerAddress: localhost:52847}, javascriptEnabled: true, networkConnectionEnabled: false, pageLoadStrategy: normal, platform: WINDOWS, platformName: WINDOWS, proxy: Proxy(), setWindowRect: true, strictFileInteractability: false, timeouts: {implicit: 0, pageLoad: 300000, script: 30000}, unhandledPromptBehavior: dismiss and notify, webauthn:extension:largeBlob: true, webauthn:virtualAuthenticators: true}
Session ID: 3405fbf8631bae07a96fee2bdc44de36
	at org.voicemailtel.meet.framework.testcases.HomeTest.TC_2_6(HomeTest.java:147)
]]></failure>
  </testcase>
  <testcase name="TC_2_6[Payel, Ghosh, ghosh.p189@gmail.com , Sarit@1983, Sarit@1983](2)" classname="org.voicemailtel.meet.framework.testcases.HomeTest" time="3.616">
    <failure message="element click intercepted: Element &lt;div _ngcontent-pxc-c100=&quot;&quot; class=&quot;google-signin-text&quot;&gt;...&lt;/div&gt; is not clickable at point (1034, 518). Other element would receive the click: &lt;div _ngcontent-pxc-c100=&quot;&quot; id=&quot;google-signin-spinner-loading&quot; class=&quot;google-signin-spinner-container&quot; style=&quot;display:block;&quot;&gt;...&lt;/div&gt;&#10;  (Session info: chrome=88.0.4324.190)&#10;Build info: version: &apos;3.141.59&apos;, revision: &apos;e82be7d358&apos;, time: &apos;2018-11-14T08:17:03&apos;&#10;System info: host: &apos;PAYELANDSARIT&apos;, ip: &apos;192.168.2.88&apos;, os.name: &apos;Windows 10&apos;, os.arch: &apos;amd64&apos;, os.version: &apos;10.0&apos;, java.version: &apos;1.8.0_181&apos;&#10;Driver info: org.openqa.selenium.chrome.ChromeDriver&#10;Capabilities {acceptInsecureCerts: false, browserName: chrome, browserVersion: 88.0.4324.190, chrome: {chromedriverVersion: 88.0.4324.27 (6347fe8bf1e48..., userDataDir: C:\Users\Sarit\AppData\Loca...}, goog:chromeOptions: {debuggerAddress: localhost:52847}, javascriptEnabled: true, networkConnectionEnabled: false, pageLoadStrategy: normal, platform: WINDOWS, platformName: WINDOWS, proxy: Proxy(), setWindowRect: true, strictFileInteractability: false, timeouts: {implicit: 0, pageLoad: 300000, script: 30000}, unhandledPromptBehavior: dismiss and notify, webauthn:extension:largeBlob: true, webauthn:virtualAuthenticators: true}&#10;Session ID: 3405fbf8631bae07a96fee2bdc44de36" type="org.openqa.selenium.ElementClickInterceptedException"><![CDATA[org.openqa.selenium.ElementClickInterceptedException: 
element click intercepted: Element <div _ngcontent-pxc-c100="" class="google-signin-text">...</div> is not clickable at point (1034, 518). Other element would receive the click: <div _ngcontent-pxc-c100="" id="google-signin-spinner-loading" class="google-signin-spinner-container" style="display:block;">...</div>
  (Session info: chrome=88.0.4324.190)
Build info: version: '3.141.59', revision: 'e82be7d358', time: '2018-11-14T08:17:03'
System info: host: 'PAYELANDSARIT', ip: '192.168.2.88', os.name: 'Windows 10', os.arch: 'amd64', os.version: '10.0', java.version: '1.8.0_181'
Driver info: org.openqa.selenium.chrome.ChromeDriver
Capabilities {acceptInsecureCerts: false, browserName: chrome, browserVersion: 88.0.4324.190, chrome: {chromedriverVersion: 88.0.4324.27 (6347fe8bf1e48..., userDataDir: C:\Users\Sarit\AppData\Loca...}, goog:chromeOptions: {debuggerAddress: localhost:52847}, javascriptEnabled: true, networkConnectionEnabled: false, pageLoadStrategy: normal, platform: WINDOWS, platformName: WINDOWS, proxy: Proxy(), setWindowRect: true, strictFileInteractability: false, timeouts: {implicit: 0, pageLoad: 300000, script: 30000}, unhandledPromptBehavior: dismiss and notify, webauthn:extension:largeBlob: true, webauthn:virtualAuthenticators: true}
Session ID: 3405fbf8631bae07a96fee2bdc44de36
	at org.voicemailtel.meet.framework.testcases.HomeTest.TC_2_6(HomeTest.java:147)
]]></failure>
  </testcase>
  <testcase name="TC_2_6[Geet , Saxena , geet.saxena@gmail.com , Abc@1234, Abc@1234](3)" classname="org.voicemailtel.meet.framework.testcases.HomeTest" time="3.148">
    <failure message="element click intercepted: Element &lt;div _ngcontent-pxc-c100=&quot;&quot; class=&quot;google-signin-text&quot;&gt;...&lt;/div&gt; is not clickable at point (1034, 538). Other element would receive the click: &lt;div _ngcontent-pxc-c100=&quot;&quot; id=&quot;google-signin-spinner-loading&quot; class=&quot;google-signin-spinner-container&quot; style=&quot;display:block;&quot;&gt;...&lt;/div&gt;&#10;  (Session info: chrome=88.0.4324.190)&#10;Build info: version: &apos;3.141.59&apos;, revision: &apos;e82be7d358&apos;, time: &apos;2018-11-14T08:17:03&apos;&#10;System info: host: &apos;PAYELANDSARIT&apos;, ip: &apos;192.168.2.88&apos;, os.name: &apos;Windows 10&apos;, os.arch: &apos;amd64&apos;, os.version: &apos;10.0&apos;, java.version: &apos;1.8.0_181&apos;&#10;Driver info: org.openqa.selenium.chrome.ChromeDriver&#10;Capabilities {acceptInsecureCerts: false, browserName: chrome, browserVersion: 88.0.4324.190, chrome: {chromedriverVersion: 88.0.4324.27 (6347fe8bf1e48..., userDataDir: C:\Users\Sarit\AppData\Loca...}, goog:chromeOptions: {debuggerAddress: localhost:52847}, javascriptEnabled: true, networkConnectionEnabled: false, pageLoadStrategy: normal, platform: WINDOWS, platformName: WINDOWS, proxy: Proxy(), setWindowRect: true, strictFileInteractability: false, timeouts: {implicit: 0, pageLoad: 300000, script: 30000}, unhandledPromptBehavior: dismiss and notify, webauthn:extension:largeBlob: true, webauthn:virtualAuthenticators: true}&#10;Session ID: 3405fbf8631bae07a96fee2bdc44de36" type="org.openqa.selenium.ElementClickInterceptedException"><![CDATA[org.openqa.selenium.ElementClickInterceptedException: 
element click intercepted: Element <div _ngcontent-pxc-c100="" class="google-signin-text">...</div> is not clickable at point (1034, 538). Other element would receive the click: <div _ngcontent-pxc-c100="" id="google-signin-spinner-loading" class="google-signin-spinner-container" style="display:block;">...</div>
  (Session info: chrome=88.0.4324.190)
Build info: version: '3.141.59', revision: 'e82be7d358', time: '2018-11-14T08:17:03'
System info: host: 'PAYELANDSARIT', ip: '192.168.2.88', os.name: 'Windows 10', os.arch: 'amd64', os.version: '10.0', java.version: '1.8.0_181'
Driver info: org.openqa.selenium.chrome.ChromeDriver
Capabilities {acceptInsecureCerts: false, browserName: chrome, browserVersion: 88.0.4324.190, chrome: {chromedriverVersion: 88.0.4324.27 (6347fe8bf1e48..., userDataDir: C:\Users\Sarit\AppData\Loca...}, goog:chromeOptions: {debuggerAddress: localhost:52847}, javascriptEnabled: true, networkConnectionEnabled: false, pageLoadStrategy: normal, platform: WINDOWS, platformName: WINDOWS, proxy: Proxy(), setWindowRect: true, strictFileInteractability: false, timeouts: {implicit: 0, pageLoad: 300000, script: 30000}, unhandledPromptBehavior: dismiss and notify, webauthn:extension:largeBlob: true, webauthn:virtualAuthenticators: true}
Session ID: 3405fbf8631bae07a96fee2bdc44de36
	at org.voicemailtel.meet.framework.testcases.HomeTest.TC_2_6(HomeTest.java:147)
]]></failure>
  </testcase>
  <testcase name="TC_2_7[Rosy , James , rosyjames1299@gmail.com , Rosy12345$, Rosy12345$](1)" classname="org.voicemailtel.meet.framework.testcases.HomeTest" time="3.526">
    <failure message="element click intercepted: Element &lt;div _ngcontent-pxc-c100=&quot;&quot; class=&quot;google-signin-text&quot;&gt;...&lt;/div&gt; is not clickable at point (1034, 518). Other element would receive the click: &lt;div _ngcontent-pxc-c100=&quot;&quot; id=&quot;google-signin-spinner-loading&quot; class=&quot;google-signin-spinner-container&quot; style=&quot;display:block;&quot;&gt;...&lt;/div&gt;&#10;  (Session info: chrome=88.0.4324.190)&#10;Build info: version: &apos;3.141.59&apos;, revision: &apos;e82be7d358&apos;, time: &apos;2018-11-14T08:17:03&apos;&#10;System info: host: &apos;PAYELANDSARIT&apos;, ip: &apos;192.168.2.88&apos;, os.name: &apos;Windows 10&apos;, os.arch: &apos;amd64&apos;, os.version: &apos;10.0&apos;, java.version: &apos;1.8.0_181&apos;&#10;Driver info: org.openqa.selenium.chrome.ChromeDriver&#10;Capabilities {acceptInsecureCerts: false, browserName: chrome, browserVersion: 88.0.4324.190, chrome: {chromedriverVersion: 88.0.4324.27 (6347fe8bf1e48..., userDataDir: C:\Users\Sarit\AppData\Loca...}, goog:chromeOptions: {debuggerAddress: localhost:52847}, javascriptEnabled: true, networkConnectionEnabled: false, pageLoadStrategy: normal, platform: WINDOWS, platformName: WINDOWS, proxy: Proxy(), setWindowRect: true, strictFileInteractability: false, timeouts: {implicit: 0, pageLoad: 300000, script: 30000}, unhandledPromptBehavior: dismiss and notify, webauthn:extension:largeBlob: true, webauthn:virtualAuthenticators: true}&#10;Session ID: 3405fbf8631bae07a96fee2bdc44de36" type="org.openqa.selenium.ElementClickInterceptedException"><![CDATA[org.openqa.selenium.ElementClickInterceptedException: 
element click intercepted: Element <div _ngcontent-pxc-c100="" class="google-signin-text">...</div> is not clickable at point (1034, 518). Other element would receive the click: <div _ngcontent-pxc-c100="" id="google-signin-spinner-loading" class="google-signin-spinner-container" style="display:block;">...</div>
  (Session info: chrome=88.0.4324.190)
Build info: version: '3.141.59', revision: 'e82be7d358', time: '2018-11-14T08:17:03'
System info: host: 'PAYELANDSARIT', ip: '192.168.2.88', os.name: 'Windows 10', os.arch: 'amd64', os.version: '10.0', java.version: '1.8.0_181'
Driver info: org.openqa.selenium.chrome.ChromeDriver
Capabilities {acceptInsecureCerts: false, browserName: chrome, browserVersion: 88.0.4324.190, chrome: {chromedriverVersion: 88.0.4324.27 (6347fe8bf1e48..., userDataDir: C:\Users\Sarit\AppData\Loca...}, goog:chromeOptions: {debuggerAddress: localhost:52847}, javascriptEnabled: true, networkConnectionEnabled: false, pageLoadStrategy: normal, platform: WINDOWS, platformName: WINDOWS, proxy: Proxy(), setWindowRect: true, strictFileInteractability: false, timeouts: {implicit: 0, pageLoad: 300000, script: 30000}, unhandledPromptBehavior: dismiss and notify, webauthn:extension:largeBlob: true, webauthn:virtualAuthenticators: true}
Session ID: 3405fbf8631bae07a96fee2bdc44de36
	at org.voicemailtel.meet.framework.testcases.HomeTest.TC_2_7(HomeTest.java:164)
]]></failure>
  </testcase>
  <testcase name="TC_2_7[Payel, Ghosh, ghosh.p189@gmail.com , Sarit@1983, Sarit@1983](2)" classname="org.voicemailtel.meet.framework.testcases.HomeTest" time="3.496">
    <failure message="element click intercepted: Element &lt;div _ngcontent-pxc-c100=&quot;&quot; class=&quot;google-signin-text&quot;&gt;...&lt;/div&gt; is not clickable at point (1034, 538). Other element would receive the click: &lt;div _ngcontent-pxc-c100=&quot;&quot; id=&quot;google-signin-spinner-loading&quot; class=&quot;google-signin-spinner-container&quot; style=&quot;display:block;&quot;&gt;...&lt;/div&gt;&#10;  (Session info: chrome=88.0.4324.190)&#10;Build info: version: &apos;3.141.59&apos;, revision: &apos;e82be7d358&apos;, time: &apos;2018-11-14T08:17:03&apos;&#10;System info: host: &apos;PAYELANDSARIT&apos;, ip: &apos;192.168.2.88&apos;, os.name: &apos;Windows 10&apos;, os.arch: &apos;amd64&apos;, os.version: &apos;10.0&apos;, java.version: &apos;1.8.0_181&apos;&#10;Driver info: org.openqa.selenium.chrome.ChromeDriver&#10;Capabilities {acceptInsecureCerts: false, browserName: chrome, browserVersion: 88.0.4324.190, chrome: {chromedriverVersion: 88.0.4324.27 (6347fe8bf1e48..., userDataDir: C:\Users\Sarit\AppData\Loca...}, goog:chromeOptions: {debuggerAddress: localhost:52847}, javascriptEnabled: true, networkConnectionEnabled: false, pageLoadStrategy: normal, platform: WINDOWS, platformName: WINDOWS, proxy: Proxy(), setWindowRect: true, strictFileInteractability: false, timeouts: {implicit: 0, pageLoad: 300000, script: 30000}, unhandledPromptBehavior: dismiss and notify, webauthn:extension:largeBlob: true, webauthn:virtualAuthenticators: true}&#10;Session ID: 3405fbf8631bae07a96fee2bdc44de36" type="org.openqa.selenium.ElementClickInterceptedException"><![CDATA[org.openqa.selenium.ElementClickInterceptedException: 
element click intercepted: Element <div _ngcontent-pxc-c100="" class="google-signin-text">...</div> is not clickable at point (1034, 538). Other element would receive the click: <div _ngcontent-pxc-c100="" id="google-signin-spinner-loading" class="google-signin-spinner-container" style="display:block;">...</div>
  (Session info: chrome=88.0.4324.190)
Build info: version: '3.141.59', revision: 'e82be7d358', time: '2018-11-14T08:17:03'
System info: host: 'PAYELANDSARIT', ip: '192.168.2.88', os.name: 'Windows 10', os.arch: 'amd64', os.version: '10.0', java.version: '1.8.0_181'
Driver info: org.openqa.selenium.chrome.ChromeDriver
Capabilities {acceptInsecureCerts: false, browserName: chrome, browserVersion: 88.0.4324.190, chrome: {chromedriverVersion: 88.0.4324.27 (6347fe8bf1e48..., userDataDir: C:\Users\Sarit\AppData\Loca...}, goog:chromeOptions: {debuggerAddress: localhost:52847}, javascriptEnabled: true, networkConnectionEnabled: false, pageLoadStrategy: normal, platform: WINDOWS, platformName: WINDOWS, proxy: Proxy(), setWindowRect: true, strictFileInteractability: false, timeouts: {implicit: 0, pageLoad: 300000, script: 30000}, unhandledPromptBehavior: dismiss and notify, webauthn:extension:largeBlob: true, webauthn:virtualAuthenticators: true}
Session ID: 3405fbf8631bae07a96fee2bdc44de36
	at org.voicemailtel.meet.framework.testcases.HomeTest.TC_2_7(HomeTest.java:164)
]]></failure>
  </testcase>
  <testcase name="TC_2_7[Geet , Saxena , geet.saxena@gmail.com , Abc@1234, Abc@1234](3)" classname="org.voicemailtel.meet.framework.testcases.HomeTest" time="3.476">
    <failure message="element click intercepted: Element &lt;div _ngcontent-pxc-c100=&quot;&quot; class=&quot;google-signin-text&quot;&gt;...&lt;/div&gt; is not clickable at point (1034, 518). Other element would receive the click: &lt;div _ngcontent-pxc-c100=&quot;&quot; id=&quot;google-signin-spinner-loading&quot; class=&quot;google-signin-spinner-container&quot; style=&quot;display:block;&quot;&gt;...&lt;/div&gt;&#10;  (Session info: chrome=88.0.4324.190)&#10;Build info: version: &apos;3.141.59&apos;, revision: &apos;e82be7d358&apos;, time: &apos;2018-11-14T08:17:03&apos;&#10;System info: host: &apos;PAYELANDSARIT&apos;, ip: &apos;192.168.2.88&apos;, os.name: &apos;Windows 10&apos;, os.arch: &apos;amd64&apos;, os.version: &apos;10.0&apos;, java.version: &apos;1.8.0_181&apos;&#10;Driver info: org.openqa.selenium.chrome.ChromeDriver&#10;Capabilities {acceptInsecureCerts: false, browserName: chrome, browserVersion: 88.0.4324.190, chrome: {chromedriverVersion: 88.0.4324.27 (6347fe8bf1e48..., userDataDir: C:\Users\Sarit\AppData\Loca...}, goog:chromeOptions: {debuggerAddress: localhost:52847}, javascriptEnabled: true, networkConnectionEnabled: false, pageLoadStrategy: normal, platform: WINDOWS, platformName: WINDOWS, proxy: Proxy(), setWindowRect: true, strictFileInteractability: false, timeouts: {implicit: 0, pageLoad: 300000, script: 30000}, unhandledPromptBehavior: dismiss and notify, webauthn:extension:largeBlob: true, webauthn:virtualAuthenticators: true}&#10;Session ID: 3405fbf8631bae07a96fee2bdc44de36" type="org.openqa.selenium.ElementClickInterceptedException"><![CDATA[org.openqa.selenium.ElementClickInterceptedException: 
element click intercepted: Element <div _ngcontent-pxc-c100="" class="google-signin-text">...</div> is not clickable at point (1034, 518). Other element would receive the click: <div _ngcontent-pxc-c100="" id="google-signin-spinner-loading" class="google-signin-spinner-container" style="display:block;">...</div>
  (Session info: chrome=88.0.4324.190)
Build info: version: '3.141.59', revision: 'e82be7d358', time: '2018-11-14T08:17:03'
System info: host: 'PAYELANDSARIT', ip: '192.168.2.88', os.name: 'Windows 10', os.arch: 'amd64', os.version: '10.0', java.version: '1.8.0_181'
Driver info: org.openqa.selenium.chrome.ChromeDriver
Capabilities {acceptInsecureCerts: false, browserName: chrome, browserVersion: 88.0.4324.190, chrome: {chromedriverVersion: 88.0.4324.27 (6347fe8bf1e48..., userDataDir: C:\Users\Sarit\AppData\Loca...}, goog:chromeOptions: {debuggerAddress: localhost:52847}, javascriptEnabled: true, networkConnectionEnabled: false, pageLoadStrategy: normal, platform: WINDOWS, platformName: WINDOWS, proxy: Proxy(), setWindowRect: true, strictFileInteractability: false, timeouts: {implicit: 0, pageLoad: 300000, script: 30000}, unhandledPromptBehavior: dismiss and notify, webauthn:extension:largeBlob: true, webauthn:virtualAuthenticators: true}
Session ID: 3405fbf8631bae07a96fee2bdc44de36
	at org.voicemailtel.meet.framework.testcases.HomeTest.TC_2_7(HomeTest.java:164)
]]></failure>
  </testcase>
  <testcase name="TC_2_8[Rosy , James , rosyjames1299@gmail.com , Rosy12345$, Rosy12345$](1)" classname="org.voicemailtel.meet.framework.testcases.HomeTest" time="3.575">
    <failure message="element click intercepted: Element &lt;div _ngcontent-pxc-c100=&quot;&quot; class=&quot;google-signin-text&quot;&gt;...&lt;/div&gt; is not clickable at point (1034, 538). Other element would receive the click: &lt;div _ngcontent-pxc-c100=&quot;&quot; id=&quot;google-signin-spinner-loading&quot; class=&quot;google-signin-spinner-container&quot; style=&quot;display:block;&quot;&gt;...&lt;/div&gt;&#10;  (Session info: chrome=88.0.4324.190)&#10;Build info: version: &apos;3.141.59&apos;, revision: &apos;e82be7d358&apos;, time: &apos;2018-11-14T08:17:03&apos;&#10;System info: host: &apos;PAYELANDSARIT&apos;, ip: &apos;192.168.2.88&apos;, os.name: &apos;Windows 10&apos;, os.arch: &apos;amd64&apos;, os.version: &apos;10.0&apos;, java.version: &apos;1.8.0_181&apos;&#10;Driver info: org.openqa.selenium.chrome.ChromeDriver&#10;Capabilities {acceptInsecureCerts: false, browserName: chrome, browserVersion: 88.0.4324.190, chrome: {chromedriverVersion: 88.0.4324.27 (6347fe8bf1e48..., userDataDir: C:\Users\Sarit\AppData\Loca...}, goog:chromeOptions: {debuggerAddress: localhost:52847}, javascriptEnabled: true, networkConnectionEnabled: false, pageLoadStrategy: normal, platform: WINDOWS, platformName: WINDOWS, proxy: Proxy(), setWindowRect: true, strictFileInteractability: false, timeouts: {implicit: 0, pageLoad: 300000, script: 30000}, unhandledPromptBehavior: dismiss and notify, webauthn:extension:largeBlob: true, webauthn:virtualAuthenticators: true}&#10;Session ID: 3405fbf8631bae07a96fee2bdc44de36" type="org.openqa.selenium.ElementClickInterceptedException"><![CDATA[org.openqa.selenium.ElementClickInterceptedException: 
element click intercepted: Element <div _ngcontent-pxc-c100="" class="google-signin-text">...</div> is not clickable at point (1034, 538). Other element would receive the click: <div _ngcontent-pxc-c100="" id="google-signin-spinner-loading" class="google-signin-spinner-container" style="display:block;">...</div>
  (Session info: chrome=88.0.4324.190)
Build info: version: '3.141.59', revision: 'e82be7d358', time: '2018-11-14T08:17:03'
System info: host: 'PAYELANDSARIT', ip: '192.168.2.88', os.name: 'Windows 10', os.arch: 'amd64', os.version: '10.0', java.version: '1.8.0_181'
Driver info: org.openqa.selenium.chrome.ChromeDriver
Capabilities {acceptInsecureCerts: false, browserName: chrome, browserVersion: 88.0.4324.190, chrome: {chromedriverVersion: 88.0.4324.27 (6347fe8bf1e48..., userDataDir: C:\Users\Sarit\AppData\Loca...}, goog:chromeOptions: {debuggerAddress: localhost:52847}, javascriptEnabled: true, networkConnectionEnabled: false, pageLoadStrategy: normal, platform: WINDOWS, platformName: WINDOWS, proxy: Proxy(), setWindowRect: true, strictFileInteractability: false, timeouts: {implicit: 0, pageLoad: 300000, script: 30000}, unhandledPromptBehavior: dismiss and notify, webauthn:extension:largeBlob: true, webauthn:virtualAuthenticators: true}
Session ID: 3405fbf8631bae07a96fee2bdc44de36
	at org.voicemailtel.meet.framework.testcases.HomeTest.TC_2_8(HomeTest.java:182)
]]></failure>
  </testcase>
  <testcase name="TC_2_8[Payel, Ghosh, ghosh.p189@gmail.com , Sarit@1983, Sarit@1983](2)" classname="org.voicemailtel.meet.framework.testcases.HomeTest" time="3.508">
    <failure message="element click intercepted: Element &lt;div _ngcontent-pxc-c100=&quot;&quot; class=&quot;google-signin-text&quot;&gt;...&lt;/div&gt; is not clickable at point (1034, 518). Other element would receive the click: &lt;div _ngcontent-pxc-c100=&quot;&quot; id=&quot;google-signin-spinner-loading&quot; class=&quot;google-signin-spinner-container&quot; style=&quot;display:block;&quot;&gt;...&lt;/div&gt;&#10;  (Session info: chrome=88.0.4324.190)&#10;Build info: version: &apos;3.141.59&apos;, revision: &apos;e82be7d358&apos;, time: &apos;2018-11-14T08:17:03&apos;&#10;System info: host: &apos;PAYELANDSARIT&apos;, ip: &apos;192.168.2.88&apos;, os.name: &apos;Windows 10&apos;, os.arch: &apos;amd64&apos;, os.version: &apos;10.0&apos;, java.version: &apos;1.8.0_181&apos;&#10;Driver info: org.openqa.selenium.chrome.ChromeDriver&#10;Capabilities {acceptInsecureCerts: false, browserName: chrome, browserVersion: 88.0.4324.190, chrome: {chromedriverVersion: 88.0.4324.27 (6347fe8bf1e48..., userDataDir: C:\Users\Sarit\AppData\Loca...}, goog:chromeOptions: {debuggerAddress: localhost:52847}, javascriptEnabled: true, networkConnectionEnabled: false, pageLoadStrategy: normal, platform: WINDOWS, platformName: WINDOWS, proxy: Proxy(), setWindowRect: true, strictFileInteractability: false, timeouts: {implicit: 0, pageLoad: 300000, script: 30000}, unhandledPromptBehavior: dismiss and notify, webauthn:extension:largeBlob: true, webauthn:virtualAuthenticators: true}&#10;Session ID: 3405fbf8631bae07a96fee2bdc44de36" type="org.openqa.selenium.ElementClickInterceptedException"><![CDATA[org.openqa.selenium.ElementClickInterceptedException: 
element click intercepted: Element <div _ngcontent-pxc-c100="" class="google-signin-text">...</div> is not clickable at point (1034, 518). Other element would receive the click: <div _ngcontent-pxc-c100="" id="google-signin-spinner-loading" class="google-signin-spinner-container" style="display:block;">...</div>
  (Session info: chrome=88.0.4324.190)
Build info: version: '3.141.59', revision: 'e82be7d358', time: '2018-11-14T08:17:03'
System info: host: 'PAYELANDSARIT', ip: '192.168.2.88', os.name: 'Windows 10', os.arch: 'amd64', os.version: '10.0', java.version: '1.8.0_181'
Driver info: org.openqa.selenium.chrome.ChromeDriver
Capabilities {acceptInsecureCerts: false, browserName: chrome, browserVersion: 88.0.4324.190, chrome: {chromedriverVersion: 88.0.4324.27 (6347fe8bf1e48..., userDataDir: C:\Users\Sarit\AppData\Loca...}, goog:chromeOptions: {debuggerAddress: localhost:52847}, javascriptEnabled: true, networkConnectionEnabled: false, pageLoadStrategy: normal, platform: WINDOWS, platformName: WINDOWS, proxy: Proxy(), setWindowRect: true, strictFileInteractability: false, timeouts: {implicit: 0, pageLoad: 300000, script: 30000}, unhandledPromptBehavior: dismiss and notify, webauthn:extension:largeBlob: true, webauthn:virtualAuthenticators: true}
Session ID: 3405fbf8631bae07a96fee2bdc44de36
	at org.voicemailtel.meet.framework.testcases.HomeTest.TC_2_8(HomeTest.java:182)
]]></failure>
  </testcase>
  <testcase name="TC_2_8[Geet , Saxena , geet.saxena@gmail.com , Abc@1234, Abc@1234](3)" classname="org.voicemailtel.meet.framework.testcases.HomeTest" time="3.535">
    <failure message="element click intercepted: Element &lt;div _ngcontent-pxc-c100=&quot;&quot; class=&quot;google-signin-text&quot;&gt;...&lt;/div&gt; is not clickable at point (1034, 538). Other element would receive the click: &lt;div _ngcontent-pxc-c100=&quot;&quot; id=&quot;google-signin-spinner-loading&quot; class=&quot;google-signin-spinner-container&quot; style=&quot;display:block;&quot;&gt;...&lt;/div&gt;&#10;  (Session info: chrome=88.0.4324.190)&#10;Build info: version: &apos;3.141.59&apos;, revision: &apos;e82be7d358&apos;, time: &apos;2018-11-14T08:17:03&apos;&#10;System info: host: &apos;PAYELANDSARIT&apos;, ip: &apos;192.168.2.88&apos;, os.name: &apos;Windows 10&apos;, os.arch: &apos;amd64&apos;, os.version: &apos;10.0&apos;, java.version: &apos;1.8.0_181&apos;&#10;Driver info: org.openqa.selenium.chrome.ChromeDriver&#10;Capabilities {acceptInsecureCerts: false, browserName: chrome, browserVersion: 88.0.4324.190, chrome: {chromedriverVersion: 88.0.4324.27 (6347fe8bf1e48..., userDataDir: C:\Users\Sarit\AppData\Loca...}, goog:chromeOptions: {debuggerAddress: localhost:52847}, javascriptEnabled: true, networkConnectionEnabled: false, pageLoadStrategy: normal, platform: WINDOWS, platformName: WINDOWS, proxy: Proxy(), setWindowRect: true, strictFileInteractability: false, timeouts: {implicit: 0, pageLoad: 300000, script: 30000}, unhandledPromptBehavior: dismiss and notify, webauthn:extension:largeBlob: true, webauthn:virtualAuthenticators: true}&#10;Session ID: 3405fbf8631bae07a96fee2bdc44de36" type="org.openqa.selenium.ElementClickInterceptedException"><![CDATA[org.openqa.selenium.ElementClickInterceptedException: 
element click intercepted: Element <div _ngcontent-pxc-c100="" class="google-signin-text">...</div> is not clickable at point (1034, 538). Other element would receive the click: <div _ngcontent-pxc-c100="" id="google-signin-spinner-loading" class="google-signin-spinner-container" style="display:block;">...</div>
  (Session info: chrome=88.0.4324.190)
Build info: version: '3.141.59', revision: 'e82be7d358', time: '2018-11-14T08:17:03'
System info: host: 'PAYELANDSARIT', ip: '192.168.2.88', os.name: 'Windows 10', os.arch: 'amd64', os.version: '10.0', java.version: '1.8.0_181'
Driver info: org.openqa.selenium.chrome.ChromeDriver
Capabilities {acceptInsecureCerts: false, browserName: chrome, browserVersion: 88.0.4324.190, chrome: {chromedriverVersion: 88.0.4324.27 (6347fe8bf1e48..., userDataDir: C:\Users\Sarit\AppData\Loca...}, goog:chromeOptions: {debuggerAddress: localhost:52847}, javascriptEnabled: true, networkConnectionEnabled: false, pageLoadStrategy: normal, platform: WINDOWS, platformName: WINDOWS, proxy: Proxy(), setWindowRect: true, strictFileInteractability: false, timeouts: {implicit: 0, pageLoad: 300000, script: 30000}, unhandledPromptBehavior: dismiss and notify, webauthn:extension:largeBlob: true, webauthn:virtualAuthenticators: true}
Session ID: 3405fbf8631bae07a96fee2bdc44de36
	at org.voicemailtel.meet.framework.testcases.HomeTest.TC_2_8(HomeTest.java:182)
]]></failure>
  </testcase>
  <testcase name="TC_2_9[Rosy , James , rosyjames1299@gmail.com , Rosy12345$, Rosy12345$](1)" classname="org.voicemailtel.meet.framework.testcases.HomeTest" time="3.463">
    <failure message="element click intercepted: Element &lt;div _ngcontent-pxc-c100=&quot;&quot; class=&quot;google-signin-text&quot;&gt;...&lt;/div&gt; is not clickable at point (1034, 518). Other element would receive the click: &lt;div _ngcontent-pxc-c100=&quot;&quot; id=&quot;google-signin-spinner-loading&quot; class=&quot;google-signin-spinner-container&quot; style=&quot;display:block;&quot;&gt;...&lt;/div&gt;&#10;  (Session info: chrome=88.0.4324.190)&#10;Build info: version: &apos;3.141.59&apos;, revision: &apos;e82be7d358&apos;, time: &apos;2018-11-14T08:17:03&apos;&#10;System info: host: &apos;PAYELANDSARIT&apos;, ip: &apos;192.168.2.88&apos;, os.name: &apos;Windows 10&apos;, os.arch: &apos;amd64&apos;, os.version: &apos;10.0&apos;, java.version: &apos;1.8.0_181&apos;&#10;Driver info: org.openqa.selenium.chrome.ChromeDriver&#10;Capabilities {acceptInsecureCerts: false, browserName: chrome, browserVersion: 88.0.4324.190, chrome: {chromedriverVersion: 88.0.4324.27 (6347fe8bf1e48..., userDataDir: C:\Users\Sarit\AppData\Loca...}, goog:chromeOptions: {debuggerAddress: localhost:52847}, javascriptEnabled: true, networkConnectionEnabled: false, pageLoadStrategy: normal, platform: WINDOWS, platformName: WINDOWS, proxy: Proxy(), setWindowRect: true, strictFileInteractability: false, timeouts: {implicit: 0, pageLoad: 300000, script: 30000}, unhandledPromptBehavior: dismiss and notify, webauthn:extension:largeBlob: true, webauthn:virtualAuthenticators: true}&#10;Session ID: 3405fbf8631bae07a96fee2bdc44de36" type="org.openqa.selenium.ElementClickInterceptedException"><![CDATA[org.openqa.selenium.ElementClickInterceptedException: 
element click intercepted: Element <div _ngcontent-pxc-c100="" class="google-signin-text">...</div> is not clickable at point (1034, 518). Other element would receive the click: <div _ngcontent-pxc-c100="" id="google-signin-spinner-loading" class="google-signin-spinner-container" style="display:block;">...</div>
  (Session info: chrome=88.0.4324.190)
Build info: version: '3.141.59', revision: 'e82be7d358', time: '2018-11-14T08:17:03'
System info: host: 'PAYELANDSARIT', ip: '192.168.2.88', os.name: 'Windows 10', os.arch: 'amd64', os.version: '10.0', java.version: '1.8.0_181'
Driver info: org.openqa.selenium.chrome.ChromeDriver
Capabilities {acceptInsecureCerts: false, browserName: chrome, browserVersion: 88.0.4324.190, chrome: {chromedriverVersion: 88.0.4324.27 (6347fe8bf1e48..., userDataDir: C:\Users\Sarit\AppData\Loca...}, goog:chromeOptions: {debuggerAddress: localhost:52847}, javascriptEnabled: true, networkConnectionEnabled: false, pageLoadStrategy: normal, platform: WINDOWS, platformName: WINDOWS, proxy: Proxy(), setWindowRect: true, strictFileInteractability: false, timeouts: {implicit: 0, pageLoad: 300000, script: 30000}, unhandledPromptBehavior: dismiss and notify, webauthn:extension:largeBlob: true, webauthn:virtualAuthenticators: true}
Session ID: 3405fbf8631bae07a96fee2bdc44de36
	at org.voicemailtel.meet.framework.testcases.HomeTest.TC_2_9(HomeTest.java:199)
]]></failure>
  </testcase>
  <testcase name="TC_2_9[Payel, Ghosh, ghosh.p189@gmail.com , Sarit@1983, Sarit@1983](2)" classname="org.voicemailtel.meet.framework.testcases.HomeTest" time="3.528">
    <failure message="element click intercepted: Element &lt;div _ngcontent-pxc-c100=&quot;&quot; class=&quot;google-signin-text&quot;&gt;...&lt;/div&gt; is not clickable at point (1034, 538). Other element would receive the click: &lt;div _ngcontent-pxc-c100=&quot;&quot; id=&quot;google-signin-spinner-loading&quot; class=&quot;google-signin-spinner-container&quot; style=&quot;display:block;&quot;&gt;...&lt;/div&gt;&#10;  (Session info: chrome=88.0.4324.190)&#10;Build info: version: &apos;3.141.59&apos;, revision: &apos;e82be7d358&apos;, time: &apos;2018-11-14T08:17:03&apos;&#10;System info: host: &apos;PAYELANDSARIT&apos;, ip: &apos;192.168.2.88&apos;, os.name: &apos;Windows 10&apos;, os.arch: &apos;amd64&apos;, os.version: &apos;10.0&apos;, java.version: &apos;1.8.0_181&apos;&#10;Driver info: org.openqa.selenium.chrome.ChromeDriver&#10;Capabilities {acceptInsecureCerts: false, browserName: chrome, browserVersion: 88.0.4324.190, chrome: {chromedriverVersion: 88.0.4324.27 (6347fe8bf1e48..., userDataDir: C:\Users\Sarit\AppData\Loca...}, goog:chromeOptions: {debuggerAddress: localhost:52847}, javascriptEnabled: true, networkConnectionEnabled: false, pageLoadStrategy: normal, platform: WINDOWS, platformName: WINDOWS, proxy: Proxy(), setWindowRect: true, strictFileInteractability: false, timeouts: {implicit: 0, pageLoad: 300000, script: 30000}, unhandledPromptBehavior: dismiss and notify, webauthn:extension:largeBlob: true, webauthn:virtualAuthenticators: true}&#10;Session ID: 3405fbf8631bae07a96fee2bdc44de36" type="org.openqa.selenium.ElementClickInterceptedException"><![CDATA[org.openqa.selenium.ElementClickInterceptedException: 
element click intercepted: Element <div _ngcontent-pxc-c100="" class="google-signin-text">...</div> is not clickable at point (1034, 538). Other element would receive the click: <div _ngcontent-pxc-c100="" id="google-signin-spinner-loading" class="google-signin-spinner-container" style="display:block;">...</div>
  (Session info: chrome=88.0.4324.190)
Build info: version: '3.141.59', revision: 'e82be7d358', time: '2018-11-14T08:17:03'
System info: host: 'PAYELANDSARIT', ip: '192.168.2.88', os.name: 'Windows 10', os.arch: 'amd64', os.version: '10.0', java.version: '1.8.0_181'
Driver info: org.openqa.selenium.chrome.ChromeDriver
Capabilities {acceptInsecureCerts: false, browserName: chrome, browserVersion: 88.0.4324.190, chrome: {chromedriverVersion: 88.0.4324.27 (6347fe8bf1e48..., userDataDir: C:\Users\Sarit\AppData\Loca...}, goog:chromeOptions: {debuggerAddress: localhost:52847}, javascriptEnabled: true, networkConnectionEnabled: false, pageLoadStrategy: normal, platform: WINDOWS, platformName: WINDOWS, proxy: Proxy(), setWindowRect: true, strictFileInteractability: false, timeouts: {implicit: 0, pageLoad: 300000, script: 30000}, unhandledPromptBehavior: dismiss and notify, webauthn:extension:largeBlob: true, webauthn:virtualAuthenticators: true}
Session ID: 3405fbf8631bae07a96fee2bdc44de36
	at org.voicemailtel.meet.framework.testcases.HomeTest.TC_2_9(HomeTest.java:199)
]]></failure>
  </testcase>
  <testcase name="TC_2_9[Geet , Saxena , geet.saxena@gmail.com , Abc@1234, Abc@1234](3)" classname="org.voicemailtel.meet.framework.testcases.HomeTest" time="3.774">
    <failure message="element click intercepted: Element &lt;div _ngcontent-pxc-c100=&quot;&quot; class=&quot;google-signin-text&quot;&gt;...&lt;/div&gt; is not clickable at point (1034, 518). Other element would receive the click: &lt;div _ngcontent-pxc-c100=&quot;&quot; id=&quot;google-signin-spinner-loading&quot; class=&quot;google-signin-spinner-container&quot; style=&quot;display:block;&quot;&gt;...&lt;/div&gt;&#10;  (Session info: chrome=88.0.4324.190)&#10;Build info: version: &apos;3.141.59&apos;, revision: &apos;e82be7d358&apos;, time: &apos;2018-11-14T08:17:03&apos;&#10;System info: host: &apos;PAYELANDSARIT&apos;, ip: &apos;192.168.2.88&apos;, os.name: &apos;Windows 10&apos;, os.arch: &apos;amd64&apos;, os.version: &apos;10.0&apos;, java.version: &apos;1.8.0_181&apos;&#10;Driver info: org.openqa.selenium.chrome.ChromeDriver&#10;Capabilities {acceptInsecureCerts: false, browserName: chrome, browserVersion: 88.0.4324.190, chrome: {chromedriverVersion: 88.0.4324.27 (6347fe8bf1e48..., userDataDir: C:\Users\Sarit\AppData\Loca...}, goog:chromeOptions: {debuggerAddress: localhost:52847}, javascriptEnabled: true, networkConnectionEnabled: false, pageLoadStrategy: normal, platform: WINDOWS, platformName: WINDOWS, proxy: Proxy(), setWindowRect: true, strictFileInteractability: false, timeouts: {implicit: 0, pageLoad: 300000, script: 30000}, unhandledPromptBehavior: dismiss and notify, webauthn:extension:largeBlob: true, webauthn:virtualAuthenticators: true}&#10;Session ID: 3405fbf8631bae07a96fee2bdc44de36" type="org.openqa.selenium.ElementClickInterceptedException"><![CDATA[org.openqa.selenium.ElementClickInterceptedException: 
element click intercepted: Element <div _ngcontent-pxc-c100="" class="google-signin-text">...</div> is not clickable at point (1034, 518). Other element would receive the click: <div _ngcontent-pxc-c100="" id="google-signin-spinner-loading" class="google-signin-spinner-container" style="display:block;">...</div>
  (Session info: chrome=88.0.4324.190)
Build info: version: '3.141.59', revision: 'e82be7d358', time: '2018-11-14T08:17:03'
System info: host: 'PAYELANDSARIT', ip: '192.168.2.88', os.name: 'Windows 10', os.arch: 'amd64', os.version: '10.0', java.version: '1.8.0_181'
Driver info: org.openqa.selenium.chrome.ChromeDriver
Capabilities {acceptInsecureCerts: false, browserName: chrome, browserVersion: 88.0.4324.190, chrome: {chromedriverVersion: 88.0.4324.27 (6347fe8bf1e48..., userDataDir: C:\Users\Sarit\AppData\Loca...}, goog:chromeOptions: {debuggerAddress: localhost:52847}, javascriptEnabled: true, networkConnectionEnabled: false, pageLoadStrategy: normal, platform: WINDOWS, platformName: WINDOWS, proxy: Proxy(), setWindowRect: true, strictFileInteractability: false, timeouts: {implicit: 0, pageLoad: 300000, script: 30000}, unhandledPromptBehavior: dismiss and notify, webauthn:extension:largeBlob: true, webauthn:virtualAuthenticators: true}
Session ID: 3405fbf8631bae07a96fee2bdc44de36
	at org.voicemailtel.meet.framework.testcases.HomeTest.TC_2_9(HomeTest.java:199)
]]></failure>
  </testcase>
  <testcase name="TC_3_1" classname="org.voicemailtel.meet.framework.testcases.HomeTest" time="4.276">
    <failure message="&#10;Data provider mismatch&#10;Method: TC_3_1([Parameter{index=0, type=java.lang.String, declaredAnnotations=[]}, Parameter{index=1, type=java.lang.String, declaredAnnotations=[]}])&#10;Arguments: [(java.lang.String) ghosh.p189@gmail.com,(java.lang.String) Sarit@1983,(java.lang.String) Sarit@1983]" type="org.testng.internal.reflect.MethodMatcherException"><![CDATA[org.testng.internal.reflect.MethodMatcherException: 

Data provider mismatch
Method: TC_3_1([Parameter{index=0, type=java.lang.String, declaredAnnotations=[]}, Parameter{index=1, type=java.lang.String, declaredAnnotations=[]}])
Arguments: [(java.lang.String) ghosh.p189@gmail.com,(java.lang.String) Sarit@1983,(java.lang.String) Sarit@1983]
]]></failure>
  </testcase>
</testsuite>